sjamthe-macbookpro:Audio-Classification sjamthe$ python3 model.py
/anaconda/lib/python3.6/site-packages/h5py/__init__.py:36: FutureWarning: Conversion of the second argument of issubdtype from `float` to `np.floating` is deprecated. In future, it will be treated as `np.float64 == np.dtype(float).type`.
  from ._conv import register_converters as _register_converters
Using TensorFlow backend.
100%|███████████████████████████████████████████████████████████████████████████████████████████████████| 26410/26410 [00:47<00:00, 561.83it/s]
_________________________________________________________________
Layer (type)                 Output Shape              Param #
=================================================================
conv2d_1 (Conv2D)            (None, 13, 9, 16)         160
_________________________________________________________________
conv2d_2 (Conv2D)            (None, 13, 9, 32)         4640
_________________________________________________________________
conv2d_3 (Conv2D)            (None, 13, 9, 64)         18496
_________________________________________________________________
conv2d_4 (Conv2D)            (None, 13, 9, 128)        73856
_________________________________________________________________
max_pooling2d_1 (MaxPooling2 (None, 6, 4, 128)         0
_________________________________________________________________
dropout_1 (Dropout)          (None, 6, 4, 128)         0
_________________________________________________________________
flatten_1 (Flatten)          (None, 3072)              0
_________________________________________________________________
dense_1 (Dense)              (None, 128)               393344
_________________________________________________________________
dense_2 (Dense)              (None, 64)                8256
_________________________________________________________________
dense_3 (Dense)              (None, 10)                650
=================================================================
Total params: 499,402
Trainable params: 499,402
Non-trainable params: 0
_________________________________________________________________
Epoch 1/10
2018-12-26 22:39:37.327646: I tensorflow/core/platform/cpu_feature_guard.cc:140] Your CPU supports instructions that this TensorFlow binary was not compiled to use: AVX2 FMA
26410/26410 [==============================] - 39s 1ms/step - loss: 1.0039 - acc: 0.6444
Epoch 2/10
26410/26410 [==============================] - 37s 1ms/step - loss: 0.4741 - acc: 0.8376
Epoch 3/10
26410/26410 [==============================] - 38s 1ms/step - loss: 0.3391 - acc: 0.8827
Epoch 4/10
26410/26410 [==============================] - 38s 1ms/step - loss: 0.2719 - acc: 0.9046
Epoch 5/10
26410/26410 [==============================] - 39s 1ms/step - loss: 0.2271 - acc: 0.9218
Epoch 6/10
26410/26410 [==============================] - 38s 1ms/step - loss: 0.1994 - acc: 0.9318
Epoch 7/10
26410/26410 [==============================] - 36s 1ms/step - loss: 0.1819 - acc: 0.9379
Epoch 8/10
26410/26410 [==============================] - 35s 1ms/step - loss: 0.1593 - acc: 0.9450
Epoch 9/10
26410/26410 [==============================] - 35s 1ms/step - loss: 0.1466 - acc: 0.9484
Epoch 10/10
26410/26410 [==============================] - 38s 1ms/step - loss: 0.1325 - acc: 0.9532
